This is pdfTeX, Version 3.14159265-2.6-1.40.16 (TeX Live 2015/Debian) (preloaded format=pdflatex 2019.3.17)  7 APR 2019 22:07
entering extended mode
 restricted \write18 enabled.
 %&-line parsing enabled.
**seminar_slides.tex
(./seminar_slides.tex
LaTeX2e <2016/02/01>
Babel <3.9q> and hyphenation patterns for 81 language(s) loaded.
(/usr/share/texlive/texmf-dist/tex/latex/beamer/beamer.cls
(/usr/share/texlive/texmf-dist/tex/latex/beamer/beamerbasercs.sty
Package: beamerbasercs 2015/03/08 (rcs-revision 368aa9ba9d38)
)
Document Class: beamer 2015/01/05 3.36 A class for typesetting presentations (r
cs-revision 8a39122e1f63)
(/usr/share/texlive/texmf-dist/tex/latex/beamer/beamerbasemodes.sty
Package: beamerbasemodes 2013/09/03 (rcs-revision 768f2d98ca64)
\beamer@tempbox=\box26
\beamer@tempcount=\count79
\c@beamerpauses=\count80

(/usr/share/texlive/texmf-dist/tex/latex/beamer/beamerbasedecode.sty
Package: beamerbasedecode 2010/05/01 (rcs-revision efa082c6111d)
\beamer@slideinframe=\count81
\beamer@minimum=\count82
)
\beamer@commentbox=\box27
\beamer@modecount=\count83
)
(/usr/share/texlive/texmf-dist/tex/generic/oberdiek/ifpdf.sty
Package: ifpdf 2011/01/30 v2.3 Provides the ifpdf switch (HO)
Package ifpdf Info: pdfTeX in PDF mode is detected.
)
\headheight=\dimen102
\headdp=\dimen103
\footheight=\dimen104
\sidebarheight=\dimen105
\beamer@tempdim=\dimen106
\beamer@finalheight=\dimen107
\beamer@animht=\dimen108
\beamer@animdp=\dimen109
\beamer@animwd=\dimen110
\beamer@leftmargin=\dimen111
\beamer@rightmargin=\dimen112
\beamer@leftsidebar=\dimen113
\beamer@rightsidebar=\dimen114
\beamer@boxsize=\dimen115
\beamer@vboxoffset=\dimen116
\beamer@descdefault=\dimen117
\beamer@descriptionwidth=\dimen118
\beamer@lastskip=\skip41
\beamer@areabox=\box28
\beamer@animcurrent=\box29
\beamer@animshowbox=\box30
\beamer@sectionbox=\box31
\beamer@logobox=\box32
\beamer@linebox=\box33
\beamer@sectioncount=\count84
\beamer@subsubsectionmax=\count85
\beamer@subsectionmax=\count86
\beamer@sectionmax=\count87
\beamer@totalheads=\count88
\beamer@headcounter=\count89
\beamer@partstartpage=\count90
\beamer@sectionstartpage=\count91
\beamer@subsectionstartpage=\count92
\beamer@animationtempa=\count93
\beamer@animationtempb=\count94
\beamer@xpos=\count95
\beamer@ypos=\count96
\beamer@showpartnumber=\count97
\beamer@currentsubsection=\count98
\beamer@coveringdepth=\count99
\beamer@sectionadjust=\count100
\beamer@tocsectionnumber=\count101

(/usr/share/texlive/texmf-dist/tex/latex/beamer/beamerbaseoptions.sty
Package: beamerbaseoptions 2013/03/10 (rcs-revision 47431932db0d)

(/usr/share/texlive/texmf-dist/tex/latex/graphics/keyval.sty
Package: keyval 2014/10/28 v1.15 key=value parser (DPC)
\KV@toks@=\toks14
))
\beamer@paperwidth=\skip42
\beamer@paperheight=\skip43

(/usr/share/texlive/texmf-dist/tex/latex/geometry/geometry.sty
Package: geometry 2010/09/12 v5.6 Page Geometry

(/usr/share/texlive/texmf-dist/tex/generic/oberdiek/ifvtex.sty
Package: ifvtex 2010/03/01 v1.5 Detect VTeX and its facilities (HO)
Package ifvtex Info: VTeX not detected.
)
(/usr/share/texlive/texmf-dist/tex/generic/ifxetex/ifxetex.sty
Package: ifxetex 2010/09/12 v0.6 Provides ifxetex conditional
)
\Gm@cnth=\count102
\Gm@cntv=\count103
\c@Gm@tempcnt=\count104
\Gm@bindingoffset=\dimen119
\Gm@wd@mp=\dimen120
\Gm@odd@mp=\dimen121
\Gm@even@mp=\dimen122
\Gm@layoutwidth=\dimen123
\Gm@layoutheight=\dimen124
\Gm@layouthoffset=\dimen125
\Gm@layoutvoffset=\dimen126
\Gm@dimlist=\toks15
)
(/usr/share/texlive/texmf-dist/tex/latex/base/size11.clo
File: size11.clo 2014/09/29 v1.4h Standard LaTeX file (size option)
)
(/usr/share/texlive/texmf-dist/tex/latex/pgf/basiclayer/pgfcore.sty
(/usr/share/texlive/texmf-dist/tex/latex/graphics/graphicx.sty
Package: graphicx 2014/10/28 v1.0g Enhanced LaTeX Graphics (DPC,SPQR)

(/usr/share/texlive/texmf-dist/tex/latex/graphics/graphics.sty
Package: graphics 2016/01/03 v1.0q Standard LaTeX Graphics (DPC,SPQR)

(/usr/share/texlive/texmf-dist/tex/latex/graphics/trig.sty
Package: trig 2016/01/03 v1.10 sin cos tan (DPC)
)
(/usr/share/texlive/texmf-dist/tex/latex/latexconfig/graphics.cfg
File: graphics.cfg 2010/04/23 v1.9 graphics configuration of TeX Live
)
Package graphics Info: Driver file: pdftex.def on input line 95.

(/usr/share/texlive/texmf-dist/tex/latex/pdftex-def/pdftex.def
File: pdftex.def 2011/05/27 v0.06d Graphics/color for pdfTeX

(/usr/share/texlive/texmf-dist/tex/generic/oberdiek/infwarerr.sty
Package: infwarerr 2010/04/08 v1.3 Providing info/warning/error messages (HO)
)
(/usr/share/texlive/texmf-dist/tex/generic/oberdiek/ltxcmds.sty
Package: ltxcmds 2011/11/09 v1.22 LaTeX kernel commands for general use (HO)
)
\Gread@gobject=\count105
))
\Gin@req@height=\dimen127
\Gin@req@width=\dimen128
)
(/usr/share/texlive/texmf-dist/tex/latex/pgf/systemlayer/pgfsys.sty
(/usr/share/texlive/texmf-dist/tex/latex/pgf/utilities/pgfrcs.sty
(/usr/share/texlive/texmf-dist/tex/generic/pgf/utilities/pgfutil-common.tex
\pgfutil@everybye=\toks16
\pgfutil@tempdima=\dimen129
\pgfutil@tempdimb=\dimen130

(/usr/share/texlive/texmf-dist/tex/generic/pgf/utilities/pgfutil-common-lists.t
ex)) (/usr/share/texlive/texmf-dist/tex/generic/pgf/utilities/pgfutil-latex.def
\pgfutil@abb=\box34
(/usr/share/texlive/texmf-dist/tex/latex/ms/everyshi.sty
Package: everyshi 2001/05/15 v3.00 EveryShipout Package (MS)
))
(/usr/share/texlive/texmf-dist/tex/generic/pgf/utilities/pgfrcs.code.tex
Package: pgfrcs 2015/08/07 v3.0.1a (rcs-revision 1.31)
))
(/usr/share/texlive/texmf-dist/tex/generic/pgf/systemlayer/pgfsys.code.tex
Package: pgfsys 2014/07/09 v3.0.1a (rcs-revision 1.48)

(/usr/share/texlive/texmf-dist/tex/generic/pgf/utilities/pgfkeys.code.tex
\pgfkeys@pathtoks=\toks17
\pgfkeys@temptoks=\toks18

(/usr/share/texlive/texmf-dist/tex/generic/pgf/utilities/pgfkeysfiltered.code.t
ex
\pgfkeys@tmptoks=\toks19
))
\pgf@x=\dimen131
\pgf@y=\dimen132
\pgf@xa=\dimen133
\pgf@ya=\dimen134
\pgf@xb=\dimen135
\pgf@yb=\dimen136
\pgf@xc=\dimen137
\pgf@yc=\dimen138
\w@pgf@writea=\write3
\r@pgf@reada=\read1
\c@pgf@counta=\count106
\c@pgf@countb=\count107
\c@pgf@countc=\count108
\c@pgf@countd=\count109
\t@pgf@toka=\toks20
\t@pgf@tokb=\toks21
\t@pgf@tokc=\toks22
 (/usr/share/texlive/texmf-dist/tex/generic/pgf/systemlayer/pgf.cfg
File: pgf.cfg 2008/05/14  (rcs-revision 1.7)
)
Driver file for pgf: pgfsys-pdftex.def

(/usr/share/texlive/texmf-dist/tex/generic/pgf/systemlayer/pgfsys-pdftex.def
File: pgfsys-pdftex.def 2014/10/11  (rcs-revision 1.35)

(/usr/share/texlive/texmf-dist/tex/generic/pgf/systemlayer/pgfsys-common-pdf.de
f
File: pgfsys-common-pdf.def 2013/10/10  (rcs-revision 1.13)
)))
(/usr/share/texlive/texmf-dist/tex/generic/pgf/systemlayer/pgfsyssoftpath.code.
tex
File: pgfsyssoftpath.code.tex 2013/09/09  (rcs-revision 1.9)
\pgfsyssoftpath@smallbuffer@items=\count110
\pgfsyssoftpath@bigbuffer@items=\count111
)
(/usr/share/texlive/texmf-dist/tex/generic/pgf/systemlayer/pgfsysprotocol.code.
tex
File: pgfsysprotocol.code.tex 2006/10/16  (rcs-revision 1.4)
)) (/usr/share/texlive/texmf-dist/tex/latex/xcolor/xcolor.sty
Package: xcolor 2007/01/21 v2.11 LaTeX color extensions (UK)

(/usr/share/texlive/texmf-dist/tex/latex/latexconfig/color.cfg
File: color.cfg 2007/01/18 v1.5 color configuration of teTeX/TeXLive
)
Package xcolor Info: Driver file: pdftex.def on input line 225.
Package xcolor Info: Model `cmy' substituted by `cmy0' on input line 1337.
Package xcolor Info: Model `hsb' substituted by `rgb' on input line 1341.
Package xcolor Info: Model `RGB' extended on input line 1353.
Package xcolor Info: Model `HTML' substituted by `rgb' on input line 1355.
Package xcolor Info: Model `Hsb' substituted by `hsb' on input line 1356.
Package xcolor Info: Model `tHsb' substituted by `hsb' on input line 1357.
Package xcolor Info: Model `HSB' substituted by `hsb' on input line 1358.
Package xcolor Info: Model `Gray' substituted by `gray' on input line 1359.
Package xcolor Info: Model `wave' substituted by `hsb' on input line 1360.
)
(/usr/share/texlive/texmf-dist/tex/generic/pgf/basiclayer/pgfcore.code.tex
Package: pgfcore 2010/04/11 v3.0.1a (rcs-revision 1.7)

(/usr/share/texlive/texmf-dist/tex/generic/pgf/math/pgfmath.code.tex
(/usr/share/texlive/texmf-dist/tex/generic/pgf/math/pgfmathcalc.code.tex
(/usr/share/texlive/texmf-dist/tex/generic/pgf/math/pgfmathutil.code.tex)
(/usr/share/texlive/texmf-dist/tex/generic/pgf/math/pgfmathparser.code.tex
\pgfmath@dimen=\dimen139
\pgfmath@count=\count112
\pgfmath@box=\box35
\pgfmath@toks=\toks23
\pgfmath@stack@operand=\toks24
\pgfmath@stack@operation=\toks25
)
(/usr/share/texlive/texmf-dist/tex/generic/pgf/math/pgfmathfunctions.code.tex
(/usr/share/texlive/texmf-dist/tex/generic/pgf/math/pgfmathfunctions.basic.code
.tex)
(/usr/share/texlive/texmf-dist/tex/generic/pgf/math/pgfmathfunctions.trigonomet
ric.code.tex)
(/usr/share/texlive/texmf-dist/tex/generic/pgf/math/pgfmathfunctions.random.cod
e.tex)
(/usr/share/texlive/texmf-dist/tex/generic/pgf/math/pgfmathfunctions.comparison
.code.tex)
(/usr/share/texlive/texmf-dist/tex/generic/pgf/math/pgfmathfunctions.base.code.
tex)
(/usr/share/texlive/texmf-dist/tex/generic/pgf/math/pgfmathfunctions.round.code
.tex)
(/usr/share/texlive/texmf-dist/tex/generic/pgf/math/pgfmathfunctions.misc.code.
tex)
(/usr/share/texlive/texmf-dist/tex/generic/pgf/math/pgfmathfunctions.integerari
thmetics.code.tex)))
(/usr/share/texlive/texmf-dist/tex/generic/pgf/math/pgfmathfloat.code.tex
\c@pgfmathroundto@lastzeros=\count113
))
(/usr/share/texlive/texmf-dist/tex/generic/pgf/basiclayer/pgfcorepoints.code.te
x
File: pgfcorepoints.code.tex 2013/10/07  (rcs-revision 1.27)
\pgf@picminx=\dimen140
\pgf@picmaxx=\dimen141
\pgf@picminy=\dimen142
\pgf@picmaxy=\dimen143
\pgf@pathminx=\dimen144
\pgf@pathmaxx=\dimen145
\pgf@pathminy=\dimen146
\pgf@pathmaxy=\dimen147
\pgf@xx=\dimen148
\pgf@xy=\dimen149
\pgf@yx=\dimen150
\pgf@yy=\dimen151
\pgf@zx=\dimen152
\pgf@zy=\dimen153
)
(/usr/share/texlive/texmf-dist/tex/generic/pgf/basiclayer/pgfcorepathconstruct.
code.tex
File: pgfcorepathconstruct.code.tex 2013/10/07  (rcs-revision 1.29)
\pgf@path@lastx=\dimen154
\pgf@path@lasty=\dimen155
)
(/usr/share/texlive/texmf-dist/tex/generic/pgf/basiclayer/pgfcorepathusage.code
.tex
File: pgfcorepathusage.code.tex 2014/11/02  (rcs-revision 1.24)
\pgf@shorten@end@additional=\dimen156
\pgf@shorten@start@additional=\dimen157
)
(/usr/share/texlive/texmf-dist/tex/generic/pgf/basiclayer/pgfcorescopes.code.te
x
File: pgfcorescopes.code.tex 2015/05/08  (rcs-revision 1.46)
\pgfpic=\box36
\pgf@hbox=\box37
\pgf@layerbox@main=\box38
\pgf@picture@serial@count=\count114
)
(/usr/share/texlive/texmf-dist/tex/generic/pgf/basiclayer/pgfcoregraphicstate.c
ode.tex
File: pgfcoregraphicstate.code.tex 2014/11/02  (rcs-revision 1.12)
\pgflinewidth=\dimen158
)
(/usr/share/texlive/texmf-dist/tex/generic/pgf/basiclayer/pgfcoretransformation
s.code.tex
File: pgfcoretransformations.code.tex 2015/08/07  (rcs-revision 1.20)
\pgf@pt@x=\dimen159
\pgf@pt@y=\dimen160
\pgf@pt@temp=\dimen161
)
(/usr/share/texlive/texmf-dist/tex/generic/pgf/basiclayer/pgfcorequick.code.tex
File: pgfcorequick.code.tex 2008/10/09  (rcs-revision 1.3)
)
(/usr/share/texlive/texmf-dist/tex/generic/pgf/basiclayer/pgfcoreobjects.code.t
ex
File: pgfcoreobjects.code.tex 2006/10/11  (rcs-revision 1.2)
)
(/usr/share/texlive/texmf-dist/tex/generic/pgf/basiclayer/pgfcorepathprocessing
.code.tex
File: pgfcorepathprocessing.code.tex 2013/09/09  (rcs-revision 1.9)
)
(/usr/share/texlive/texmf-dist/tex/generic/pgf/basiclayer/pgfcorearrows.code.te
x
File: pgfcorearrows.code.tex 2015/05/14  (rcs-revision 1.43)
\pgfarrowsep=\dimen162
)
(/usr/share/texlive/texmf-dist/tex/generic/pgf/basiclayer/pgfcoreshade.code.tex
File: pgfcoreshade.code.tex 2013/07/15  (rcs-revision 1.15)
\pgf@max=\dimen163
\pgf@sys@shading@range@num=\count115
)
(/usr/share/texlive/texmf-dist/tex/generic/pgf/basiclayer/pgfcoreimage.code.tex
File: pgfcoreimage.code.tex 2013/07/15  (rcs-revision 1.18)

(/usr/share/texlive/texmf-dist/tex/generic/pgf/basiclayer/pgfcoreexternal.code.
tex
File: pgfcoreexternal.code.tex 2014/07/09  (rcs-revision 1.21)
\pgfexternal@startupbox=\box39
))
(/usr/share/texlive/texmf-dist/tex/generic/pgf/basiclayer/pgfcorelayers.code.te
x
File: pgfcorelayers.code.tex 2013/07/18  (rcs-revision 1.7)
)
(/usr/share/texlive/texmf-dist/tex/generic/pgf/basiclayer/pgfcoretransparency.c
ode.tex
File: pgfcoretransparency.code.tex 2013/09/30  (rcs-revision 1.5)
)
(/usr/share/texlive/texmf-dist/tex/generic/pgf/basiclayer/pgfcorepatterns.code.
tex
File: pgfcorepatterns.code.tex 2013/11/07  (rcs-revision 1.5)
))) (/usr/share/texlive/texmf-dist/tex/latex/pgf/utilities/xxcolor.sty
Package: xxcolor 2003/10/24 ver 0.1
\XC@nummixins=\count116
\XC@countmixins=\count117
)
(/usr/share/texlive/texmf-dist/tex/generic/oberdiek/atbegshi.sty
Package: atbegshi 2011/10/05 v1.16 At begin shipout hook (HO)
)
(/usr/share/texlive/texmf-dist/tex/latex/hyperref/hyperref.sty
Package: hyperref 2012/11/06 v6.83m Hypertext links for LaTeX

(/usr/share/texlive/texmf-dist/tex/generic/oberdiek/hobsub-hyperref.sty
Package: hobsub-hyperref 2012/05/28 v1.13 Bundle oberdiek, subset hyperref (HO)


(/usr/share/texlive/texmf-dist/tex/generic/oberdiek/hobsub-generic.sty
Package: hobsub-generic 2012/05/28 v1.13 Bundle oberdiek, subset generic (HO)
Package: hobsub 2012/05/28 v1.13 Construct package bundles (HO)
Package hobsub Info: Skipping package `infwarerr' (already loaded).
Package hobsub Info: Skipping package `ltxcmds' (already loaded).
Package: ifluatex 2010/03/01 v1.3 Provides the ifluatex switch (HO)
Package ifluatex Info: LuaTeX not detected.
Package hobsub Info: Skipping package `ifvtex' (already loaded).
Package: intcalc 2007/09/27 v1.1 Expandable calculations with integers (HO)
Package hobsub Info: Skipping package `ifpdf' (already loaded).
Package: etexcmds 2011/02/16 v1.5 Avoid name clashes with e-TeX commands (HO)
Package etexcmds Info: Could not find \expanded.
(etexcmds)             That can mean that you are not using pdfTeX 1.50 or
(etexcmds)             that some package has redefined \expanded.
(etexcmds)             In the latter case, load this package earlier.
Package: kvsetkeys 2012/04/25 v1.16 Key value parser (HO)
Package: kvdefinekeys 2011/04/07 v1.3 Define keys (HO)
Package: pdftexcmds 2011/11/29 v0.20 Utility functions of pdfTeX for LuaTeX (HO
)
Package pdftexcmds Info: LuaTeX not detected.
Package pdftexcmds Info: \pdf@primitive is available.
Package pdftexcmds Info: \pdf@ifprimitive is available.
Package pdftexcmds Info: \pdfdraftmode found.
Package: pdfescape 2011/11/25 v1.13 Implements pdfTeX's escape features (HO)
Package: bigintcalc 2012/04/08 v1.3 Expandable calculations on big integers (HO
)
Package: bitset 2011/01/30 v1.1 Handle bit-vector datatype (HO)
Package: uniquecounter 2011/01/30 v1.2 Provide unlimited unique counter (HO)
)
Package hobsub Info: Skipping package `hobsub' (already loaded).
Package: letltxmacro 2010/09/02 v1.4 Let assignment for LaTeX macros (HO)
Package: hopatch 2012/05/28 v1.2 Wrapper for package hooks (HO)
Package: xcolor-patch 2011/01/30 xcolor patch
Package: atveryend 2011/06/30 v1.8 Hooks at the very end of document (HO)
Package atveryend Info: \enddocument detected (standard20110627).
Package hobsub Info: Skipping package `atbegshi' (already loaded).
Package: refcount 2011/10/16 v3.4 Data extraction from label references (HO)
Package: hycolor 2011/01/30 v1.7 Color options for hyperref/bookmark (HO)
)
(/usr/share/texlive/texmf-dist/tex/latex/oberdiek/auxhook.sty
Package: auxhook 2011/03/04 v1.3 Hooks for auxiliary files (HO)
)
(/usr/share/texlive/texmf-dist/tex/latex/oberdiek/kvoptions.sty
Package: kvoptions 2011/06/30 v3.11 Key value format for package options (HO)
)
\@linkdim=\dimen164
\Hy@linkcounter=\count118
\Hy@pagecounter=\count119

(/usr/share/texlive/texmf-dist/tex/latex/hyperref/pd1enc.def
File: pd1enc.def 2012/11/06 v6.83m Hyperref: PDFDocEncoding definition (HO)
)
\Hy@SavedSpaceFactor=\count120

(/usr/share/texlive/texmf-dist/tex/latex/latexconfig/hyperref.cfg
File: hyperref.cfg 2002/06/06 v1.2 hyperref configuration of TeXLive
)
Package hyperref Info: Option `bookmarks' set `true' on input line 4319.
Package hyperref Info: Option `bookmarksopen' set `true' on input line 4319.
Package hyperref Info: Option `implicit' set `false' on input line 4319.
Package hyperref Info: Hyper figures OFF on input line 4443.
Package hyperref Info: Link nesting OFF on input line 4448.
Package hyperref Info: Hyper index ON on input line 4451.
Package hyperref Info: Plain pages OFF on input line 4458.
Package hyperref Info: Backreferencing OFF on input line 4463.
Package hyperref Info: Implicit mode OFF; no redefinition of LaTeX internals.
Package hyperref Info: Bookmarks ON on input line 4688.
\c@Hy@tempcnt=\count121

(/usr/share/texlive/texmf-dist/tex/latex/url/url.sty
\Urlmuskip=\muskip10
Package: url 2013/09/16  ver 3.4  Verb mode for urls, etc.
)
LaTeX Info: Redefining \url on input line 5041.
\XeTeXLinkMargin=\dimen165
\Fld@menulength=\count122
\Field@Width=\dimen166
\Fld@charsize=\dimen167
Package hyperref Info: Hyper figures OFF on input line 6295.
Package hyperref Info: Link nesting OFF on input line 6300.
Package hyperref Info: Hyper index ON on input line 6303.
Package hyperref Info: backreferencing OFF on input line 6310.
Package hyperref Info: Link coloring OFF on input line 6315.
Package hyperref Info: Link coloring with OCG OFF on input line 6320.
Package hyperref Info: PDF/A mode OFF on input line 6325.
LaTeX Info: Redefining \ref on input line 6365.
LaTeX Info: Redefining \pageref on input line 6369.
\Hy@abspage=\count123


Package hyperref Message: Stopped early.

)

Package hyperref Message: Driver (autodetected): hpdftex.

(/usr/share/texlive/texmf-dist/tex/latex/hyperref/hpdftex.def
File: hpdftex.def 2012/11/06 v6.83m Hyperref driver for pdfTeX
\Fld@listcount=\count124
\c@bookmark@seq@number=\count125

(/usr/share/texlive/texmf-dist/tex/latex/oberdiek/rerunfilecheck.sty
Package: rerunfilecheck 2011/04/15 v1.7 Rerun checks for auxiliary files (HO)
Package uniquecounter Info: New unique counter `rerunfilecheck' on input line 2
82.
))
(/usr/share/texlive/texmf-dist/tex/latex/beamer/beamerbaserequires.sty
Package: beamerbaserequires 2010/05/01  (rcs-revision efa082c6111d)

(/usr/share/texlive/texmf-dist/tex/latex/beamer/beamerbasecompatibility.sty
Package: beamerbasecompatibility 2012/05/01  (rcs-revision 67c48b3b652d)
)
(/usr/share/texlive/texmf-dist/tex/latex/beamer/beamerbasefont.sty
Package: beamerbasefont 2015/01/05  (rcs-revision b4b4bee242e2)

(/usr/share/texlive/texmf-dist/tex/latex/amsfonts/amssymb.sty
Package: amssymb 2013/01/14 v3.01 AMS font symbols

(/usr/share/texlive/texmf-dist/tex/latex/amsfonts/amsfonts.sty
Package: amsfonts 2013/01/14 v3.01 Basic AMSFonts support
\@emptytoks=\toks26
\symAMSa=\mathgroup4
\symAMSb=\mathgroup5
LaTeX Font Info:    Overwriting math alphabet `\mathfrak' in version `bold'
(Font)                  U/euf/m/n --> U/euf/b/n on input line 106.
))
(/usr/share/texlive/texmf-dist/tex/latex/sansmathaccent/sansmathaccent.sty
Package: sansmathaccent 2013/03/28

(/usr/share/texlive/texmf-dist/tex/latex/filehook/filehook.sty
Package: filehook 2011/10/12 v0.5d Hooks for input files
)))
(/usr/share/texlive/texmf-dist/tex/latex/beamer/beamerbasetranslator.sty
Package: beamerbasetranslator 2010/06/11  (rcs-revision 85fd1cc7fc42)

(/usr/share/texlive/texmf-dist/tex/latex/beamer/translator/translator.sty
Package: translator 2010/06/12 ver 1.10

(/usr/share/texlive/texmf-dist/tex/latex/beamer/translator/translator-language-
mappings.tex)))
(/usr/share/texlive/texmf-dist/tex/latex/beamer/beamerbasemisc.sty
Package: beamerbasemisc 2013/09/03  (rcs-revision a55719c41d85)
)
(/usr/share/texlive/texmf-dist/tex/latex/beamer/beamerbasetwoscreens.sty
Package: beamerbasetwoscreens 2010/05/01  (rcs-revision efa082c6111d)
)
(/usr/share/texlive/texmf-dist/tex/latex/beamer/beamerbaseoverlay.sty
Package: beamerbaseoverlay 2013/12/25  (rcs-revision f6bd5e3805da)
\beamer@argscount=\count126
\beamer@lastskipcover=\skip44
\beamer@trivlistdepth=\count127
)
(/usr/share/texlive/texmf-dist/tex/latex/beamer/beamerbasetitle.sty
Package: beamerbasetitle 2010/09/21  (rcs-revision f0446ed0b6ae)
)
(/usr/share/texlive/texmf-dist/tex/latex/beamer/beamerbasesection.sty
Package: beamerbasesection 2013/06/07  (rcs-revision 60b9fe0f342f)
\c@lecture=\count128
\c@part=\count129
\c@section=\count130
\c@subsection=\count131
\c@subsubsection=\count132
)
(/usr/share/texlive/texmf-dist/tex/latex/beamer/beamerbaseframe.sty
Package: beamerbaseframe 2014/02/20  (rcs-revision 4b8ceeeff434)
\beamer@framebox=\box40
\beamer@frametitlebox=\box41
\beamer@zoombox=\box42
\beamer@zoomcount=\count133
\beamer@zoomframecount=\count134
\beamer@frametextheight=\dimen168
\c@subsectionslide=\count135
\beamer@frametopskip=\skip45
\beamer@framebottomskip=\skip46
\beamer@frametopskipautobreak=\skip47
\beamer@framebottomskipautobreak=\skip48
\beamer@envbody=\toks27
\framewidth=\dimen169
\c@framenumber=\count136
)
(/usr/share/texlive/texmf-dist/tex/latex/beamer/beamerbaseverbatim.sty
Package: beamerbaseverbatim 2015/01/05  (rcs-revision 431510bb5890)
\beamer@verbatimfileout=\write4
)
(/usr/share/texlive/texmf-dist/tex/latex/beamer/beamerbaseframesize.sty
Package: beamerbaseframesize 2011/09/12  (rcs-revision 70f9d8411e54)
\beamer@splitbox=\box43
\beamer@autobreakcount=\count137
\beamer@autobreaklastheight=\dimen170
\beamer@frametitletoks=\toks28
\beamer@framesubtitletoks=\toks29
)
(/usr/share/texlive/texmf-dist/tex/latex/beamer/beamerbaseframecomponents.sty
Package: beamerbaseframecomponents 2013/10/18  (rcs-revision 5cf6c5555a45)
\beamer@footins=\box44
)
(/usr/share/texlive/texmf-dist/tex/latex/beamer/beamerbasecolor.sty
Package: beamerbasecolor 2015/02/21  (rcs-revision d944b04ee2d5)
)
(/usr/share/texlive/texmf-dist/tex/latex/beamer/beamerbasenotes.sty
Package: beamerbasenotes 2012/12/19  (rcs-revision 1686da3db3c9)
\beamer@frameboxcopy=\box45
)
(/usr/share/texlive/texmf-dist/tex/latex/beamer/beamerbasetoc.sty
Package: beamerbasetoc 2015/03/08  (rcs-revision 7270298bbaae)
)
(/usr/share/texlive/texmf-dist/tex/latex/beamer/beamerbasetemplates.sty
Package: beamerbasetemplates 2010/05/01  (rcs-revision efa082c6111d)
\beamer@sbttoks=\toks30

(/usr/share/texlive/texmf-dist/tex/latex/beamer/beamerbaseauxtemplates.sty
Package: beamerbaseauxtemplates 2014/06/30  (rcs-revision 580088513a67)

(/usr/share/texlive/texmf-dist/tex/latex/beamer/beamerbaseboxes.sty
Package: beamerbaseboxes 2012/05/13  (rcs-revision 56972908a390)
\bmb@box=\box46
\bmb@colorbox=\box47
\bmb@boxshadow=\box48
\bmb@boxshadowball=\box49
\bmb@boxshadowballlarge=\box50
\bmb@temp=\dimen171
\bmb@dima=\dimen172
\bmb@dimb=\dimen173
\bmb@prevheight=\dimen174
)
\beamer@blockheadheight=\dimen175
))
(/usr/share/texlive/texmf-dist/tex/latex/beamer/beamerbaselocalstructure.sty
Package: beamerbaselocalstructure 2014/09/10  (rcs-revision 393f6dcff371)

(/usr/share/texlive/texmf-dist/tex/latex/tools/enumerate.sty
Package: enumerate 2015/07/23 v3.00 enumerate extensions (DPC)
\@enLab=\toks31
)
\c@figure=\count138
\c@table=\count139
\abovecaptionskip=\skip49
\belowcaptionskip=\skip50
)
(/usr/share/texlive/texmf-dist/tex/latex/beamer/beamerbasenavigation.sty
Package: beamerbasenavigation 2015/02/27  (rcs-revision 923f4bf87efa)
\beamer@section@min@dim=\dimen176
)
(/usr/share/texlive/texmf-dist/tex/latex/beamer/beamerbasetheorems.sty
Package: beamerbasetheorems 2010/06/06  (rcs-revision 7e7cc5e53e9d)

(/usr/share/texlive/texmf-dist/tex/latex/amsmath/amsmath.sty
Package: amsmath 2016/03/03 v2.15a AMS math features
\@mathmargin=\skip51

For additional information on amsmath, use the `?' option.
(/usr/share/texlive/texmf-dist/tex/latex/amsmath/amstext.sty
Package: amstext 2000/06/29 v2.01 AMS text

(/usr/share/texlive/texmf-dist/tex/latex/amsmath/amsgen.sty
File: amsgen.sty 1999/11/30 v2.0 generic functions
\@emptytoks=\toks32
\ex@=\dimen177
))
(/usr/share/texlive/texmf-dist/tex/latex/amsmath/amsbsy.sty
Package: amsbsy 1999/11/29 v1.2d Bold Symbols
\pmbraise@=\dimen178
)
(/usr/share/texlive/texmf-dist/tex/latex/amsmath/amsopn.sty
Package: amsopn 1999/12/14 v2.01 operator names
)
\inf@bad=\count140
LaTeX Info: Redefining \frac on input line 199.
\uproot@=\count141
\leftroot@=\count142
LaTeX Info: Redefining \overline on input line 297.
\classnum@=\count143
\DOTSCASE@=\count144
LaTeX Info: Redefining \ldots on input line 394.
LaTeX Info: Redefining \dots on input line 397.
LaTeX Info: Redefining \cdots on input line 518.
\Mathstrutbox@=\box51
\strutbox@=\box52
\big@size=\dimen179
LaTeX Font Info:    Redeclaring font encoding OML on input line 630.
LaTeX Font Info:    Redeclaring font encoding OMS on input line 631.
\macc@depth=\count145
\c@MaxMatrixCols=\count146
\dotsspace@=\muskip11
\c@parentequation=\count147
\dspbrk@lvl=\count148
\tag@help=\toks33
\row@=\count149
\column@=\count150
\maxfields@=\count151
\andhelp@=\toks34
\eqnshift@=\dimen180
\alignsep@=\dimen181
\tagshift@=\dimen182
\tagwidth@=\dimen183
\totwidth@=\dimen184
\lineht@=\dimen185
\@envbody=\toks35
\multlinegap=\skip52
\multlinetaggap=\skip53
\mathdisplay@stack=\toks36
LaTeX Info: Redefining \[ on input line 2735.
LaTeX Info: Redefining \] on input line 2736.
)
(/usr/share/texlive/texmf-dist/tex/latex/amscls/amsthm.sty
Package: amsthm 2015/03/04 v2.20.2
\thm@style=\toks37
\thm@bodyfont=\toks38
\thm@headfont=\toks39
\thm@notefont=\toks40
\thm@headpunct=\toks41
\thm@preskip=\skip54
\thm@postskip=\skip55
\thm@headsep=\skip56
\dth@everypar=\toks42
)
\c@theorem=\count152
)
(/usr/share/texlive/texmf-dist/tex/latex/beamer/beamerbasethemes.sty
Package: beamerbasethemes 2010/05/01  (rcs-revision efa082c6111d)
))
(/usr/share/texlive/texmf-dist/tex/latex/beamer/themes/theme/beamerthemedefault
.sty
Package: beamerthemedefault 2010/06/17  (rcs-revision d02a7cf4d8ae)

(/usr/share/texlive/texmf-dist/tex/latex/beamer/themes/font/beamerfontthemedefa
ult.sty
Package: beamerfontthemedefault 2012/12/19  (rcs-revision 1686da3db3c9)
)
(/usr/share/texlive/texmf-dist/tex/latex/beamer/themes/color/beamercolorthemede
fault.sty
Package: beamercolorthemedefault 2012/12/19  (rcs-revision 1686da3db3c9)
)
(/usr/share/texlive/texmf-dist/tex/latex/beamer/themes/inner/beamerinnerthemede
fault.sty
Package: beamerinnerthemedefault 2014/06/30  (rcs-revision 580088513a67)
\beamer@dima=\dimen186
\beamer@dimb=\dimen187
) (./beamerouterthemedefault.sty
Package: beamerouterthemedefault 2007/01/28  (rcs-revision 1.14)
)))
(/usr/share/texlive/texmf-dist/tex/latex/etex-pkg/etex.sty
Package: etex 2016/01/11 v2.6 eTeX basic definition package (PEB,DPC)
\et@xins=\count153
)
(./beamerthemeAGH.sty
(/usr/share/texlive/texmf-dist/tex/latex/beamer/themes/color/beamercolorthemewh
ale.sty
Package: beamercolorthemewhale 2010/06/17  (rcs-revision d02a7cf4d8ae)
)
(/usr/share/texlive/texmf-dist/tex/latex/beamer/themes/color/beamercolorthemeor
chid.sty
Package: beamercolorthemeorchid 2010/06/17  (rcs-revision d02a7cf4d8ae)
)
(/usr/share/texlive/texmf-dist/tex/latex/beamer/themes/inner/beamerinnerthemero
unded.sty
Package: beamerinnerthemerounded 2010/06/17  (rcs-revision d02a7cf4d8ae)
)
(/usr/share/texlive/texmf-dist/tex/latex/beamer/themes/font/beamerfontthemestru
cturebold.sty
Package: beamerfontthemestructurebold 2010/06/17  (rcs-revision d02a7cf4d8ae)
)
(/usr/share/texlive/texmf-dist/tex/latex/beamer/themes/color/beamercolorthemest
ructure.sty
Package: beamercolorthemestructure 2010/06/17  (rcs-revision d02a7cf4d8ae)
))
Package hyperref Info: Option `colorlinks' set `true' on input line 9.
Package hyperref Info: Option `bookmarksopen' set `true' on input line 9.
 (/usr/share/texlive/texmf-dist/tex/latex/natbib/bibentry.sty
Package: bibentry 2007/10/30 1.5 (PWD)
)
(/usr/share/texlive/texmf-dist/tex/latex/booktabs/booktabs.sty
Package: booktabs 2005/04/14 v1.61803 publication quality tables
\heavyrulewidth=\dimen188
\lightrulewidth=\dimen189
\cmidrulewidth=\dimen190
\belowrulesep=\dimen191
\belowbottomsep=\dimen192
\aboverulesep=\dimen193
\abovetopsep=\dimen194
\cmidrulesep=\dimen195
\cmidrulekern=\dimen196
\defaultaddspace=\dimen197
\@cmidla=\count154
\@cmidlb=\count155
\@aboverulesep=\dimen198
\@belowrulesep=\dimen199
\@thisruleclass=\count156
\@lastruleclass=\count157
Normal \dimen register pool exhausted, switching to extended pool.
\@thisrulewidth=\dimen256
)
(/usr/share/texlive/texmf-dist/tex/latex/cite/cite.sty
LaTeX Info: Redefining \cite on input line 302.
LaTeX Info: Redefining \nocite on input line 332.
Package: cite 2015/02/27  v 5.5
)
(/usr/share/texlive/texmf-dist/tex/latex/colortbl/colortbl.sty
Package: colortbl 2012/02/13 v1.0a Color table columns (DPC)

(/usr/share/texlive/texmf-dist/tex/latex/tools/array.sty
Package: array 2014/10/28 v2.4c Tabular extension package (FMi)
\col@sep=\dimen257
\extrarowheight=\dimen258
\NC@list=\toks43
\extratabsurround=\skip57
\backup@length=\skip58
)
\everycr=\toks44
\minrowclearance=\skip59
)
(/usr/share/texlive/texmf-dist/tex/latex/comment/comment.sty
\CommentStream=\write5

Excluding comment 'comment')
(/usr/share/texlive/texmf-dist/tex/latex/base/exscale.sty
Package: exscale 2014/09/29 v2.1h Standard LaTeX package exscale
LaTeX Font Info:    Redeclaring symbol font `largesymbols' on input line 57.
LaTeX Font Info:    Overwriting symbol font `largesymbols' in version `normal'
(Font)                  OMX/cmex/m/n --> OMX/cmex/m/n on input line 57.
LaTeX Font Info:    Overwriting symbol font `largesymbols' in version `bold'
(Font)                  OMX/cmex/m/n --> OMX/cmex/m/n on input line 57.
\big@size=\dimen259
)
(/usr/share/texlive/texmf-dist/tex/latex/relsize/relsize.sty
Package: relsize 2013/03/29 ver 4.1
)
(/usr/share/texlive/texmf-dist/tex/latex/floatflt/floatflt.sty
Package: floatflt 1997/07/16 v. 1.31
\c@OptionTest=\count158
\figbox=\box53
\tabbox=\box54
\pagebox=\box55
\ffigcount=\count159
\ftabcount=\count160
\fftest=\count161
\hangcount=\count162
\nosuccesstryfig=\count163
\nosuccesstrytab=\count164
\figgutter=\dimen260
\tabgutter=\dimen261
\htdone=\dimen262
\pageht=\dimen263
\startpageht=\dimen264
\tabbredd=\dimen265
\floatfltwidth=\dimen266
\fltitemwidth=\dimen267
\outputpretest=\toks45
)
(/usr/share/texlive/texmf-dist/tex/latex/base/fontenc.sty
Package: fontenc 2005/09/27 v1.99g Standard LaTeX package

(/usr/share/texlive/texmf-dist/tex/latex/base/ot4enc.def
File: ot4enc.def 2005/09/27 v1.99g Standard LaTeX file
)
LaTeX Font Info:    Try loading font information for OT4+cmss on input line 105
.

(/usr/share/texlive/texmf-dist/tex/latex/polski/ot4cmss.fd
File: ot4cmss.fd 2008/02/24 v1.2.1 Font defs for fonts PL (MW)
))
(/usr/share/texlive/texmf-dist/tex/latex/base/inputenc.sty
Package: inputenc 2015/03/17 v1.2c Input encoding file
\inpenc@prehook=\toks46
\inpenc@posthook=\toks47

(/usr/share/texlive/texmf-dist/tex/latex/base/latin2.def
File: latin2.def 2015/03/17 v1.2c Input encoding file
))
(/usr/share/texlive/texmf-dist/tex/latex/units/nicefrac.sty
Package: nicefrac 1998/08/04 v0.9b Nice fractions
\L@UnitsRaiseDisplaystyle=\skip60
\L@UnitsRaiseTextstyle=\skip61
\L@UnitsRaiseScriptstyle=\skip62

(/usr/share/texlive/texmf-dist/tex/latex/base/ifthen.sty
Package: ifthen 2014/09/29 v1.1c Standard LaTeX ifthen package (DPC)
))
(/usr/share/texlive/texmf-dist/tex/latex/paralist/paralist.sty
Package: paralist 2015/12/30 v2.5 Extended list environments
\pltopsep=\skip63
\plpartopsep=\skip64
\plitemsep=\skip65
\plparsep=\skip66
\pl@lab=\toks48
)
(/usr/share/texlive/texmf-dist/tex/latex/rotating/rotating.sty
Package: rotating 2009/03/28 v2.16a rotated objects in LaTeX
\c@r@tfl@t=\count165
\rotFPtop=\skip67
\rotFPbot=\skip68
\rot@float@box=\box56
\rot@mess@toks=\toks49
)
(/usr/share/texlive/texmf-dist/tex/latex/subfigure/subfigure.sty
Package: subfigure 2002/03/15 v2.1.5 subfigure package
\subfigtopskip=\skip69
\subfigcapskip=\skip70
\subfigcaptopadj=\dimen268
\subfigbottomskip=\skip71
\subfigcapmargin=\dimen269
\subfiglabelskip=\skip72
\c@subfigure=\count166
\c@lofdepth=\count167
\c@subtable=\count168
\c@lotdepth=\count169

****************************************
* Local config file subfigure.cfg used *
****************************************
(/usr/share/texlive/texmf-dist/tex/latex/subfigure/subfigure.cfg)
\subfig@top=\skip73
\subfig@bottom=\skip74
)
(/usr/share/texlive/texmf-dist/tex/latex/tools/tabularx.sty
Package: tabularx 2014/10/28 v2.10 `tabularx' package (DPC)
\TX@col@width=\dimen270
\TX@old@table=\dimen271
\TX@old@col=\dimen272
\TX@target=\dimen273
\TX@delta=\dimen274
\TX@cols=\count170
\TX@ftn=\toks50
)
(/usr/share/texlive/texmf-dist/tex/latex/tabulary/tabulary.sty
Package: tabulary 2014/06/11 v0.10 tabulary package (DPC)
\TY@count=\count171
\TY@linewidth=\dimen275
\tymin=\dimen276
\tymax=\dimen277
\TY@tablewidth=\dimen278
)
(/usr/share/texlive/texmf-dist/tex/latex/pgf/frontendlayer/tikz.sty
(/usr/share/texlive/texmf-dist/tex/latex/pgf/basiclayer/pgf.sty
Package: pgf 2015/08/07 v3.0.1a (rcs-revision 1.15)

(/usr/share/texlive/texmf-dist/tex/generic/pgf/modules/pgfmoduleshapes.code.tex
File: pgfmoduleshapes.code.tex 2014/03/21  (rcs-revision 1.35)
\pgfnodeparttextbox=\box57
) (/usr/share/texlive/texmf-dist/tex/generic/pgf/modules/pgfmoduleplot.code.tex
File: pgfmoduleplot.code.tex 2015/08/03  (rcs-revision 1.13)
)
(/usr/share/texlive/texmf-dist/tex/latex/pgf/compatibility/pgfcomp-version-0-65
.sty
Package: pgfcomp-version-0-65 2007/07/03 v3.0.1a (rcs-revision 1.7)
\pgf@nodesepstart=\dimen279
\pgf@nodesepend=\dimen280
)
(/usr/share/texlive/texmf-dist/tex/latex/pgf/compatibility/pgfcomp-version-1-18
.sty
Package: pgfcomp-version-1-18 2007/07/23 v3.0.1a (rcs-revision 1.1)
)) (/usr/share/texlive/texmf-dist/tex/latex/pgf/utilities/pgffor.sty
(/usr/share/texlive/texmf-dist/tex/latex/pgf/utilities/pgfkeys.sty
(/usr/share/texlive/texmf-dist/tex/generic/pgf/utilities/pgfkeys.code.tex))
(/usr/share/texlive/texmf-dist/tex/latex/pgf/math/pgfmath.sty
(/usr/share/texlive/texmf-dist/tex/generic/pgf/math/pgfmath.code.tex))
(/usr/share/texlive/texmf-dist/tex/generic/pgf/utilities/pgffor.code.tex
Package: pgffor 2013/12/13 v3.0.1a (rcs-revision 1.25)

(/usr/share/texlive/texmf-dist/tex/generic/pgf/math/pgfmath.code.tex)
\pgffor@iter=\dimen281
\pgffor@skip=\dimen282
\pgffor@stack=\toks51
\pgffor@toks=\toks52
))
(/usr/share/texlive/texmf-dist/tex/generic/pgf/frontendlayer/tikz/tikz.code.tex
Package: tikz 2015/08/07 v3.0.1a (rcs-revision 1.151)

(/usr/share/texlive/texmf-dist/tex/generic/pgf/libraries/pgflibraryplothandlers
.code.tex
File: pgflibraryplothandlers.code.tex 2013/08/31 v3.0.1a (rcs-revision 1.20)
\pgf@plot@mark@count=\count172
\pgfplotmarksize=\dimen283
)
\tikz@lastx=\dimen284
\tikz@lasty=\dimen285
\tikz@lastxsaved=\dimen286
\tikz@lastysaved=\dimen287
\tikzleveldistance=\dimen288
\tikzsiblingdistance=\dimen289
\tikz@figbox=\box58
\tikz@figbox@bg=\box59
\tikz@tempbox=\box60
\tikz@tempbox@bg=\box61
\tikztreelevel=\count173
\tikznumberofchildren=\count174
\tikznumberofcurrentchild=\count175
\tikz@fig@count=\count176

(/usr/share/texlive/texmf-dist/tex/generic/pgf/modules/pgfmodulematrix.code.tex
File: pgfmodulematrix.code.tex 2013/09/17  (rcs-revision 1.8)
\pgfmatrixcurrentrow=\count177
\pgfmatrixcurrentcolumn=\count178
\pgf@matrix@numberofcolumns=\count179
)
\tikz@expandcount=\count180

(/usr/share/texlive/texmf-dist/tex/generic/pgf/frontendlayer/tikz/libraries/tik
zlibrarytopaths.code.tex
File: tikzlibrarytopaths.code.tex 2008/06/17 v3.0.1a (rcs-revision 1.2)
)))
(/usr/share/texlive/texmf-dist/tex/generic/pgf/frontendlayer/tikz/libraries/tik
zlibraryarrows.code.tex
File: tikzlibraryarrows.code.tex 2008/01/09 v3.0.1a (rcs-revision 1.1)

(/usr/share/texlive/texmf-dist/tex/generic/pgf/libraries/pgflibraryarrows.code.
tex
File: pgflibraryarrows.code.tex 2013/09/23 v3.0.1a (rcs-revision 1.16)
\arrowsize=\dimen290
))
(/usr/share/texlive/texmf-dist/tex/generic/pgf/frontendlayer/tikz/libraries/tik
zlibraryautomata.code.tex
File: tikzlibraryautomata.code.tex 2008/07/14 v3.0.1a (rcs-revision 1.3)

(/usr/share/texlive/texmf-dist/tex/generic/pgf/frontendlayer/tikz/libraries/tik
zlibraryshapes.multipart.code.tex
File: tikzlibraryshapes.multipart.code.tex 2008/01/09 v3.0.1a (rcs-revision 1.1
)

(/usr/share/texlive/texmf-dist/tex/generic/pgf/libraries/shapes/pgflibraryshape
s.multipart.code.tex
File: pgflibraryshapes.multipart.code.tex 2010/01/07 v3.0.1a (rcs-revision 1.2)

\pgfnodepartlowerbox=\box62
\pgfnodeparttwobox=\box63
\pgfnodepartthreebox=\box64
\pgfnodepartfourbox=\box65
\pgfnodeparttwentybox=\box66
\pgfnodepartnineteenbox=\box67
\pgfnodeparteighteenbox=\box68
\pgfnodepartseventeenbox=\box69
\pgfnodepartsixteenbox=\box70
\pgfnodepartfifteenbox=\box71
\pgfnodepartfourteenbox=\box72
\pgfnodepartthirteenbox=\box73
\pgfnodeparttwelvebox=\box74
\pgfnodepartelevenbox=\box75
\pgfnodeparttenbox=\box76
\pgfnodepartninebox=\box77
\pgfnodeparteightbox=\box78
\pgfnodepartsevenbox=\box79
\pgfnodepartsixbox=\box80
\pgfnodepartfivebox=\box81
)))
(/usr/share/texlive/texmf-dist/tex/generic/pgf/frontendlayer/tikz/libraries/tik
zlibrarybackgrounds.code.tex
File: tikzlibrarybackgrounds.code.tex 2013/07/18 v3.0.1a (rcs-revision 1.3)
\pgf@layerbox@background=\box83
\pgf@layerboxsaved@background=\box84
)
(/usr/share/texlive/texmf-dist/tex/generic/pgf/frontendlayer/tikz/libraries/tik
zlibrarycalc.code.tex
File: tikzlibrarycalc.code.tex 2013/07/15 v3.0.1a (rcs-revision 1.9)
)
(/usr/share/texlive/texmf-dist/tex/generic/pgf/frontendlayer/tikz/libraries/tik
zlibrarydecorations.pathreplacing.code.tex
(/usr/share/texlive/texmf-dist/tex/generic/pgf/frontendlayer/tikz/libraries/tik
zlibrarydecorations.code.tex
(/usr/share/texlive/texmf-dist/tex/generic/pgf/modules/pgfmoduledecorations.cod
e.tex
\pgfdecoratedcompleteddistance=\dimen291
\pgfdecoratedremainingdistance=\dimen292
\pgfdecoratedinputsegmentcompleteddistance=\dimen293
\pgfdecoratedinputsegmentremainingdistance=\dimen294
\pgf@decorate@distancetomove=\dimen295
\pgf@decorate@repeatstate=\count181
\pgfdecorationsegmentamplitude=\dimen296
\pgfdecorationsegmentlength=\dimen297
)
\tikz@lib@dec@box=\box84
)
(/usr/share/texlive/texmf-dist/tex/generic/pgf/libraries/decorations/pgflibrary
decorations.pathreplacing.code.tex))
(/usr/share/texlive/texmf-dist/tex/generic/pgf/frontendlayer/tikz/libraries/tik
zlibrarydecorations.pathmorphing.code.tex
(/usr/share/texlive/texmf-dist/tex/generic/pgf/libraries/decorations/pgflibrary
decorations.pathmorphing.code.tex))
(/usr/share/texlive/texmf-dist/tex/generic/pgf/frontendlayer/tikz/libraries/tik
zlibraryfit.code.tex
File: tikzlibraryfit.code.tex 2013/07/12 v3.0.1a (rcs-revision 1.5)
)
(/usr/share/texlive/texmf-dist/tex/generic/pgf/frontendlayer/tikz/libraries/tik
zlibrarymatrix.code.tex
File: tikzlibrarymatrix.code.tex 2013/07/12 v3.0.1a (rcs-revision 1.4)
)
(/usr/share/texlive/texmf-dist/tex/generic/pgf/frontendlayer/tikz/libraries/tik
zlibrarymindmap.code.tex
File: tikzlibrarymindmap.code.tex 2013/07/16 v3.0.1a (rcs-revision 1.10)

(/usr/share/texlive/texmf-dist/tex/generic/pgf/frontendlayer/tikz/libraries/tik
zlibrarytrees.code.tex
File: tikzlibrarytrees.code.tex 2008/02/24 v3.0.1a (rcs-revision 1.2)
))
(/usr/share/texlive/texmf-dist/tex/generic/pgf/frontendlayer/tikz/libraries/tik
zlibrarypatterns.code.tex
File: tikzlibrarypatterns.code.tex 2008/01/15 v3.0.1a (rcs-revision 1.2)

(/usr/share/texlive/texmf-dist/tex/generic/pgf/libraries/pgflibrarypatterns.cod
e.tex
File: pgflibrarypatterns.code.tex 2008/03/03 v3.0.1a (rcs-revision 1.13)
))
(/usr/share/texlive/texmf-dist/tex/generic/pgf/frontendlayer/tikz/libraries/tik
zlibrarypetri.code.tex
File: tikzlibrarypetri.code.tex 2013/07/17 v3.0.1a (rcs-revision 1.3)
)
(/usr/share/texlive/texmf-dist/tex/generic/pgf/frontendlayer/tikz/libraries/tik
zlibrarypositioning.code.tex
File: tikzlibrarypositioning.code.tex 2008/10/06 v3.0.1a (rcs-revision 1.7)
)
(/usr/share/texlive/texmf-dist/tex/generic/pgf/frontendlayer/tikz/libraries/tik
zlibraryplothandlers.code.tex
File: tikzlibraryplothandlers.code.tex 2008/01/09 v3.0.1a (rcs-revision 1.1)
)
(/usr/share/texlive/texmf-dist/tex/generic/pgf/frontendlayer/tikz/libraries/tik
zlibraryplotmarks.code.tex
File: tikzlibraryplotmarks.code.tex 2008/01/09 v3.0.1a (rcs-revision 1.1)

(/usr/share/texlive/texmf-dist/tex/generic/pgf/libraries/pgflibraryplotmarks.co
de.tex
File: pgflibraryplotmarks.code.tex 2015/08/03 v3.0.1a (rcs-revision 1.14)
))
(/usr/share/texlive/texmf-dist/tex/generic/pgf/frontendlayer/tikz/libraries/tik
zlibraryshadings.code.tex
File: tikzlibraryshadings.code.tex 2008/10/29 v3.0.1a (rcs-revision 1.1)

(/usr/share/texlive/texmf-dist/tex/generic/pgf/libraries/pgflibraryshadings.cod
e.tex
File: pgflibraryshadings.code.tex 2008/10/29 v3.0.1a (rcs-revision 1.2)
))
(/usr/share/texlive/texmf-dist/tex/generic/pgf/frontendlayer/tikz/libraries/tik
zlibraryshadows.code.tex
File: tikzlibraryshadows.code.tex 2008/01/13 v3.0.1a (rcs-revision 1.3)

(/usr/share/texlive/texmf-dist/tex/generic/pgf/frontendlayer/tikz/libraries/tik
zlibraryfadings.code.tex
File: tikzlibraryfadings.code.tex 2009/11/15 v3.0.1a (rcs-revision 1.2)

(/usr/share/texlive/texmf-dist/tex/generic/pgf/libraries/pgflibraryfadings.code
.tex
File: pgflibraryfadings.code.tex 2008/02/07 v3.0.1a (rcs-revision 1.3)
)))
(/usr/share/texlive/texmf-dist/tex/generic/pgf/frontendlayer/tikz/libraries/tik
zlibraryshapes.code.tex
File: tikzlibraryshapes.code.tex 2008/01/09 v3.0.1a (rcs-revision 1.1)

(/usr/share/texlive/texmf-dist/tex/generic/pgf/frontendlayer/tikz/libraries/tik
zlibraryshapes.geometric.code.tex
File: tikzlibraryshapes.geometric.code.tex 2008/01/09 v3.0.1a (rcs-revision 1.1
)

(/usr/share/texlive/texmf-dist/tex/generic/pgf/libraries/shapes/pgflibraryshape
s.geometric.code.tex
File: pgflibraryshapes.geometric.code.tex 2008/06/26 v3.0.1a (rcs-revision 1.1)

))
(/usr/share/texlive/texmf-dist/tex/generic/pgf/frontendlayer/tikz/libraries/tik
zlibraryshapes.misc.code.tex
File: tikzlibraryshapes.misc.code.tex 2008/01/09 v3.0.1a (rcs-revision 1.1)

(/usr/share/texlive/texmf-dist/tex/generic/pgf/libraries/shapes/pgflibraryshape
s.misc.code.tex
File: pgflibraryshapes.misc.code.tex 2013/07/18 v3.0.1a (rcs-revision 1.5)
))
(/usr/share/texlive/texmf-dist/tex/generic/pgf/frontendlayer/tikz/libraries/tik
zlibraryshapes.symbols.code.tex
File: tikzlibraryshapes.symbols.code.tex 2008/01/09 v3.0.1a (rcs-revision 1.1)

(/usr/share/texlive/texmf-dist/tex/generic/pgf/libraries/shapes/pgflibraryshape
s.symbols.code.tex
File: pgflibraryshapes.symbols.code.tex 2013/09/11 v3.0.1a (rcs-revision 1.6)
))
(/usr/share/texlive/texmf-dist/tex/generic/pgf/frontendlayer/tikz/libraries/tik
zlibraryshapes.arrows.code.tex
File: tikzlibraryshapes.arrows.code.tex 2008/01/09 v3.0.1a (rcs-revision 1.1)

(/usr/share/texlive/texmf-dist/tex/generic/pgf/libraries/shapes/pgflibraryshape
s.arrows.code.tex
File: pgflibraryshapes.arrows.code.tex 2008/06/26 v3.0.1a (rcs-revision 1.1)
))
(/usr/share/texlive/texmf-dist/tex/generic/pgf/frontendlayer/tikz/libraries/tik
zlibraryshapes.callouts.code.tex
(/usr/share/texlive/texmf-dist/tex/generic/pgf/libraries/shapes/pgflibraryshape
s.callouts.code.tex)))
(/usr/share/texlive/texmf-dist/tex/generic/pgf/frontendlayer/tikz/libraries/tik
zlibraryshapes.gates.logic.US.code.tex
File: tikzlibraryshapes.gates.logic.US.code.tex 2008/01/25 v3.0.1a (rcs-revisio
n 1.1)

(/usr/share/texlive/texmf-dist/tex/generic/pgf/libraries/shapes/circuits/pgflib
raryshapes.gates.logic.US.code.tex
(/usr/share/texlive/texmf-dist/tex/generic/pgf/libraries/shapes/circuits/pgflib
raryshapes.gates.logic.code.tex)))
(/usr/share/texlive/texmf-dist/tex/latex/pgfplots/pgfplots.sty
(/usr/share/texlive/texmf-dist/tex/generic/pgfplots/pgfplots.revision.tex)
Package: pgfplots 2016/01/06 v1.13 Data Visualization (1.13)

(/usr/share/texlive/texmf-dist/tex/generic/pgfplots/pgfplots.code.tex
(/usr/share/texlive/texmf-dist/tex/generic/pgfplots/pgfplotscore.code.tex
\t@pgfplots@toka=\toks53
\t@pgfplots@tokb=\toks54
\t@pgfplots@tokc=\toks55
\pgfplots@tmpa=\dimen298
\c@pgfplots@coordindex=\count182
\c@pgfplots@scanlineindex=\count183

(/usr/share/texlive/texmf-dist/tex/generic/pgfplots/sys/pgfplotssysgeneric.code
.tex))
(/usr/share/texlive/texmf-dist/tex/generic/pgfplots/libs/pgfplotslibrary.code.t
ex)
(/usr/share/texlive/texmf-dist/tex/generic/pgfplots/oldpgfcompatib/pgfplotsoldp
gfsupp_loader.code.tex
(/usr/share/texlive/texmf-dist/tex/generic/pgf/libraries/pgflibraryfpu.code.tex
)
Package pgfplots: loading complementary arithmetics for your pgf version...

(/usr/share/texlive/texmf-dist/tex/generic/pgfplots/oldpgfcompatib/pgfplotsoldp
gfsupp_pgflibraryfpu.code.tex)
(/usr/share/texlive/texmf-dist/tex/generic/pgfplots/oldpgfcompatib/pgfplotsoldp
gfsupp_pgfmathfloat.code.tex
\c@pgfmathroundto@lastzeros=\count184
))
(/usr/share/texlive/texmf-dist/tex/generic/pgfplots/util/pgfplotsutil.code.tex
(/usr/share/texlive/texmf-dist/tex/generic/pgfplots/liststructure/pgfplotslists
tructure.code.tex)
(/usr/share/texlive/texmf-dist/tex/generic/pgfplots/liststructure/pgfplotslists
tructureext.code.tex)
(/usr/share/texlive/texmf-dist/tex/generic/pgfplots/liststructure/pgfplotsarray
.code.tex
\c@pgfplotsarray@tmp=\count185
)
(/usr/share/texlive/texmf-dist/tex/generic/pgfplots/liststructure/pgfplotsmatri
x.code.tex)
(/usr/share/texlive/texmf-dist/tex/generic/pgfplots/numtable/pgfplotstableshare
d.code.tex
\c@pgfplotstable@counta=\count186
\t@pgfplotstable@a=\toks56
)
(/usr/share/texlive/texmf-dist/tex/generic/pgfplots/liststructure/pgfplotsdeque
.code.tex)
(/usr/share/texlive/texmf-dist/tex/generic/pgfplots/util/pgfplotsbinary.code.te
x
(/usr/share/texlive/texmf-dist/tex/generic/pgfplots/util/pgfplotsbinary.data.co
de.tex))
(/usr/share/texlive/texmf-dist/tex/generic/pgfplots/util/pgfplotsutil.verb.code
.tex)
(/usr/share/texlive/texmf-dist/tex/generic/pgfplots/libs/pgflibrarypgfplots.sur
fshading.code.tex
\c@pgfplotslibrarysurf@no=\count187

(/usr/share/texlive/texmf-dist/tex/generic/pgfplots/sys/pgflibrarypgfplots.surf
shading.pgfsys-pdftex.def)))
(/usr/share/texlive/texmf-dist/tex/generic/pgfplots/util/pgfplotscolormap.code.
tex
(/usr/share/texlive/texmf-dist/tex/generic/pgfplots/util/pgfplotscolor.code.tex
))
(/usr/share/texlive/texmf-dist/tex/generic/pgfplots/pgfplotsstackedplots.code.t
ex)
(/usr/share/texlive/texmf-dist/tex/generic/pgfplots/pgfplotsplothandlers.code.t
ex
(/usr/share/texlive/texmf-dist/tex/generic/pgfplots/pgfplotsmeshplothandler.cod
e.tex
(/usr/share/texlive/texmf-dist/tex/generic/pgfplots/pgfplotsmeshplotimage.code.
tex)))
(/usr/share/texlive/texmf-dist/tex/generic/pgfplots/pgfplots.scaling.code.tex)
(/usr/share/texlive/texmf-dist/tex/generic/pgfplots/pgfplotscoordprocessing.cod
e.tex)
(/usr/share/texlive/texmf-dist/tex/generic/pgfplots/pgfplots.errorbars.code.tex
) (/usr/share/texlive/texmf-dist/tex/generic/pgfplots/pgfplots.markers.code.tex
) (/usr/share/texlive/texmf-dist/tex/generic/pgfplots/pgfplotsticks.code.tex)
(/usr/share/texlive/texmf-dist/tex/generic/pgfplots/pgfplots.paths.code.tex)
\pgfplots@numplots=\count188
\pgfplots@xmin@reg=\dimen299
\pgfplots@xmax@reg=\dimen300
\pgfplots@ymin@reg=\dimen301
\pgfplots@ymax@reg=\dimen302
\pgfplots@zmin@reg=\dimen303
\pgfplots@zmax@reg=\dimen304
))
(/usr/share/texlive/texmf-dist/tex/latex/trfsigns/trfsigns.sty
Package: trfsigns 
)
(/usr/share/texlive/texmf-dist/tex/latex/wasysym/wasysym.sty
Package: wasysym 2003/10/30 v2.0 Wasy-2 symbol support package
\symwasy=\mathgroup6
LaTeX Font Info:    Overwriting symbol font `wasy' in version `bold'
(Font)                  U/wasy/m/n --> U/wasy/b/n on input line 90.
)
(/usr/share/texlive/texmf-dist/tex/latex/wrapfig/wrapfig.sty
\wrapoverhang=\dimen305
\WF@size=\dimen306
\c@WF@wrappedlines=\count189
\WF@box=\box85
\WF@everypar=\toks57
Package: wrapfig 2003/01/31  v 3.6
)
\c@remark=\count190

(./seminar_slides.aux)
\openout1 = `seminar_slides.aux'.

LaTeX Font Info:    Checking defaults for OML/cmm/m/it on input line 154.
LaTeX Font Info:    ... okay on input line 154.
LaTeX Font Info:    Checking defaults for T1/cmr/m/n on input line 154.
LaTeX Font Info:    ... okay on input line 154.
LaTeX Font Info:    Checking defaults for OT1/cmr/m/n on input line 154.
LaTeX Font Info:    ... okay on input line 154.
LaTeX Font Info:    Checking defaults for OMS/cmsy/m/n on input line 154.
LaTeX Font Info:    ... okay on input line 154.
LaTeX Font Info:    Checking defaults for OMX/cmex/m/n on input line 154.
LaTeX Font Info:    ... okay on input line 154.
LaTeX Font Info:    Checking defaults for U/cmr/m/n on input line 154.
LaTeX Font Info:    ... okay on input line 154.
LaTeX Font Info:    Checking defaults for PD1/pdf/m/n on input line 154.
LaTeX Font Info:    ... okay on input line 154.
LaTeX Font Info:    Checking defaults for OT4/cmr/m/n on input line 154.
LaTeX Font Info:    Try loading font information for OT4+cmr on input line 154.


(/usr/share/texlive/texmf-dist/tex/latex/polski/ot4cmr.fd
File: ot4cmr.fd 2008/02/24 v1.2.1 Font defs for fonts PL (MW)
)
LaTeX Font Info:    ... okay on input line 154.

*geometry* driver: auto-detecting
*geometry* detected driver: pdftex
*geometry* verbose mode - [ preamble ] result:
* driver: pdftex
* paper: custom
* layout: <same size as paper>
* layoutoffset:(h,v)=(0.0pt,0.0pt)
* modes: includehead includefoot 
* h-part:(L,W,R)=(28.45274pt, 307.28987pt, 28.45274pt)
* v-part:(T,H,B)=(0.0pt, 273.14662pt, 0.0pt)
* \paperwidth=364.19536pt
* \paperheight=273.14662pt
* \textwidth=307.28987pt
* \textheight=244.6939pt
* \oddsidemargin=-43.81725pt
* \evensidemargin=-43.81725pt
* \topmargin=-72.26999pt
* \headheight=14.22636pt
* \headsep=0.0pt
* \topskip=11.0pt
* \footskip=14.22636pt
* \marginparwidth=4.0pt
* \marginparsep=10.0pt
* \columnsep=10.0pt
* \skip\footins=10.0pt plus 4.0pt minus 2.0pt
* \hoffset=0.0pt
* \voffset=0.0pt
* \mag=1000
* \@twocolumnfalse
* \@twosidefalse
* \@mparswitchfalse
* \@reversemarginfalse
* (1in=72.27pt=25.4mm, 1cm=28.453pt)

(/usr/share/texlive/texmf-dist/tex/context/base/supp-pdf.mkii
[Loading MPS to PDF converter (version 2006.09.02).]
\scratchcounter=\count191
\scratchdimen=\dimen307
\scratchbox=\box86
\nofMPsegments=\count192
\nofMParguments=\count193
\everyMPshowfont=\toks58
\MPscratchCnt=\count194
\MPscratchDim=\dimen308
\MPnumerator=\count195
\makeMPintoPDFobject=\count196
\everyMPtoPDFconversion=\toks59
) (/usr/share/texlive/texmf-dist/tex/latex/oberdiek/epstopdf-base.sty
Package: epstopdf-base 2010/02/09 v2.5 Base part for package epstopdf

(/usr/share/texlive/texmf-dist/tex/latex/oberdiek/grfext.sty
Package: grfext 2010/08/19 v1.1 Manage graphics extensions (HO)
)
Package grfext Info: Graphics extension search list:
(grfext)             [.png,.pdf,.jpg,.mps,.jpeg,.jbig2,.jb2,.PNG,.PDF,.JPG,.JPE
G,.JBIG2,.JB2,.eps]
(grfext)             \AppendGraphicsExtensions on input line 452.

(/usr/share/texlive/texmf-dist/tex/latex/latexconfig/epstopdf-sys.cfg
File: epstopdf-sys.cfg 2010/07/13 v1.3 Configuration of (r)epstopdf for TeX Liv
e
))
ABD: EveryShipout initializing macros
\AtBeginShipoutBox=\box87
Package hyperref Info: Link coloring ON on input line 154.

(/usr/share/texlive/texmf-dist/tex/latex/hyperref/nameref.sty
Package: nameref 2012/10/27 v2.43 Cross-referencing by name of section

(/usr/share/texlive/texmf-dist/tex/generic/oberdiek/gettitlestring.sty
Package: gettitlestring 2010/12/03 v1.4 Cleanup title references (HO)
)
\c@section@level=\count197
)
LaTeX Info: Redefining \ref on input line 154.
LaTeX Info: Redefining \pageref on input line 154.
LaTeX Info: Redefining \nameref on input line 154.

(./seminar_slides.out) (./seminar_slides.out)
\@outlinefile=\write6
\openout6 = `seminar_slides.out'.

LaTeX Font Info:    Overwriting symbol font `operators' in version `normal'
(Font)                  OT1/cmr/m/n --> OT1/cmss/m/n on input line 154.
LaTeX Font Info:    Overwriting symbol font `operators' in version `bold'
(Font)                  OT1/cmr/bx/n --> OT1/cmss/bx/n on input line 154.
\symnumbers=\mathgroup7
\sympureletters=\mathgroup8
LaTeX Font Info:    Overwriting math alphabet `\mathrm' in version `normal'
(Font)                  OT1/cmss/m/n --> OT4/cmr/m/n on input line 154.
LaTeX Font Info:    Redeclaring math alphabet \mathbf on input line 154.
LaTeX Font Info:    Overwriting math alphabet `\mathbf' in version `normal'
(Font)                  OT1/cmr/bx/n --> OT4/cmss/bx/n on input line 154.
LaTeX Font Info:    Overwriting math alphabet `\mathbf' in version `bold'
(Font)                  OT1/cmr/bx/n --> OT4/cmss/bx/n on input line 154.
LaTeX Font Info:    Redeclaring math alphabet \mathsf on input line 154.
LaTeX Font Info:    Overwriting math alphabet `\mathsf' in version `normal'
(Font)                  OT1/cmss/m/n --> OT4/cmss/m/n on input line 154.
LaTeX Font Info:    Overwriting math alphabet `\mathsf' in version `bold'
(Font)                  OT1/cmss/bx/n --> OT4/cmss/m/n on input line 154.
LaTeX Font Info:    Redeclaring math alphabet \mathit on input line 154.
LaTeX Font Info:    Overwriting math alphabet `\mathit' in version `normal'
(Font)                  OT1/cmr/m/it --> OT4/cmss/m/it on input line 154.
LaTeX Font Info:    Overwriting math alphabet `\mathit' in version `bold'
(Font)                  OT1/cmr/bx/it --> OT4/cmss/m/it on input line 154.
LaTeX Font Info:    Redeclaring math alphabet \mathtt on input line 154.
LaTeX Font Info:    Overwriting math alphabet `\mathtt' in version `normal'
(Font)                  OT1/cmtt/m/n --> OT4/cmtt/m/n on input line 154.
LaTeX Font Info:    Overwriting math alphabet `\mathtt' in version `bold'
(Font)                  OT1/cmtt/m/n --> OT4/cmtt/m/n on input line 154.
LaTeX Font Info:    Overwriting symbol font `numbers' in version `bold'
(Font)                  OT4/cmss/m/n --> OT4/cmss/bx/n on input line 154.
LaTeX Font Info:    Overwriting symbol font `pureletters' in version `bold'
(Font)                  OT4/cmss/m/it --> OT4/cmss/bx/it on input line 154.
LaTeX Font Info:    Overwriting math alphabet `\mathrm' in version `bold'
(Font)                  OT1/cmss/bx/n --> OT4/cmr/bx/n on input line 154.
LaTeX Font Info:    Overwriting math alphabet `\mathbf' in version `bold'
(Font)                  OT4/cmss/bx/n --> OT4/cmss/bx/n on input line 154.
LaTeX Font Info:    Overwriting math alphabet `\mathsf' in version `bold'
(Font)                  OT4/cmss/m/n --> OT4/cmss/bx/n on input line 154.
LaTeX Font Info:    Overwriting math alphabet `\mathit' in version `bold'
(Font)                  OT4/cmss/m/it --> OT4/cmss/bx/it on input line 154.
LaTeX Font Info:    Overwriting math alphabet `\mathtt' in version `bold'
(Font)                  OT4/cmtt/m/n --> OT4/cmtt/bx/n on input line 154.
LaTeX Font Info:    Redeclaring symbol font `pureletters' on input line 154.
LaTeX Font Info:    Encoding `OT4' has changed to `OT1' for symbol font
(Font)              `pureletters' in the math version `normal' on input line 15
4.
LaTeX Font Info:    Overwriting symbol font `pureletters' in version `normal'
(Font)                  OT4/cmss/m/it --> OT1/mathkerncmss/m/sl on input line 1
54.
LaTeX Font Info:    Encoding `OT4' has changed to `OT1' for symbol font
(Font)              `pureletters' in the math version `bold' on input line 154.

LaTeX Font Info:    Overwriting symbol font `pureletters' in version `bold'
(Font)                  OT4/cmss/bx/it --> OT1/mathkerncmss/m/sl on input line 
154.
LaTeX Font Info:    Overwriting symbol font `pureletters' in version `bold'
(Font)                  OT1/mathkerncmss/m/sl --> OT1/mathkerncmss/bx/sl on inp
ut line 154.

(/usr/share/texlive/texmf-dist/tex/latex/beamer/translator/dicts/translator-bas
ic-dictionary/translator-basic-dictionary-English.dict
Dictionary: translator-basic-dictionary, Language: English 
)
(/usr/share/texlive/texmf-dist/tex/latex/beamer/translator/dicts/translator-bib
liography-dictionary/translator-bibliography-dictionary-English.dict
Dictionary: translator-bibliography-dictionary, Language: English 
)
(/usr/share/texlive/texmf-dist/tex/latex/beamer/translator/dicts/translator-env
ironment-dictionary/translator-environment-dictionary-English.dict
Dictionary: translator-environment-dictionary, Language: English 
)
(/usr/share/texlive/texmf-dist/tex/latex/beamer/translator/dicts/translator-mon
ths-dictionary/translator-months-dictionary-English.dict
Dictionary: translator-months-dictionary, Language: English 
)
(/usr/share/texlive/texmf-dist/tex/latex/beamer/translator/dicts/translator-num
bers-dictionary/translator-numbers-dictionary-English.dict
Dictionary: translator-numbers-dictionary, Language: English 
)
(/usr/share/texlive/texmf-dist/tex/latex/beamer/translator/dicts/translator-the
orem-dictionary/translator-theorem-dictionary-English.dict
Dictionary: translator-theorem-dictionary, Language: English 
)
LaTeX Info: Redefining \includegraphics on input line 154.


Package pgfplots Warning: running in backwards compatibility mode (unsuitable t
ick labels; missing features). Consider writing \pgfplotsset{compat=1.13} into 
your preamble.
 on input line 154.

(./seminar_slides.nav)
Overfull \hbox (7.33337pt too wide) detected at line 154
 []  
 []

LaTeX Font Info:    Font shape `OT4/cmss/bx/it' in size <14.4> not available
(Font)              Font shape `OT4/cmss/bx/sl' tried instead on input line 159
.
No file seminar_slides.bbl.
<./files/tlom.pdf, id=45, 1606.0pt x 1204.5pt>
File: ./files/tlom.pdf Graphic file (type pdf)
 <use ./files/tlom.pdf>
Package pdftex.def Info: ./files/tlom.pdf used on input line 159.
(pdftex.def)             Requested size: 364.17706pt x 273.15117pt.

Overfull \hbox (7.33337pt too wide) has occurred while \output is active
 []  
 []

[1

{/var/lib/texmf/fonts/map/pdftex/updmap/pdftex.map} <./files/tlom.pdf>]
<./files/tlo.pdf, id=60, 1606.0pt x 1204.5pt>
File: ./files/tlo.pdf Graphic file (type pdf)
 <use ./files/tlo.pdf>
Package pdftex.def Info: ./files/tlo.pdf used on input line 182.
(pdftex.def)             Requested size: 364.17706pt x 273.15117pt.

Overfull \hbox (7.33337pt too wide) has occurred while \output is active
 []  
 []

[2

 <./files/tlo.pdf>]
File: ./files/tlo.pdf Graphic file (type pdf)
 <use ./files/tlo.pdf>
Package pdftex.def Info: ./files/tlo.pdf used on input line 191.
(pdftex.def)             Requested size: 364.17706pt x 273.15117pt.

Overfull \hbox (7.33337pt too wide) has occurred while \output is active
 []  
 []

[3

]
File: ./files/tlo.pdf Graphic file (type pdf)
 <use ./files/tlo.pdf>
Package pdftex.def Info: ./files/tlo.pdf used on input line 205.
(pdftex.def)             Requested size: 364.17706pt x 273.15117pt.

Overfull \hbox (7.33337pt too wide) has occurred while \output is active
 []  
 []

[4

]
File: ./files/tlo.pdf Graphic file (type pdf)
 <use ./files/tlo.pdf>
Package pdftex.def Info: ./files/tlo.pdf used on input line 217.
(pdftex.def)             Requested size: 364.17706pt x 273.15117pt.

Overfull \hbox (7.33337pt too wide) has occurred while \output is active
 []  
 []

[5

]
LaTeX Font Info:    External font `cmex7' loaded for size
(Font)              <6> on input line 236.
LaTeX Font Info:    Try loading font information for U+msa on input line 236.
 (/usr/share/texlive/texmf-dist/tex/latex/amsfonts/umsa.fd
File: umsa.fd 2013/01/14 v3.01 AMS symbols A
)
LaTeX Font Info:    Try loading font information for U+msb on input line 236.

(/usr/share/texlive/texmf-dist/tex/latex/amsfonts/umsb.fd
File: umsb.fd 2013/01/14 v3.01 AMS symbols B
)
LaTeX Font Info:    Try loading font information for U+wasy on input line 236.

(/usr/share/texlive/texmf-dist/tex/latex/wasysym/uwasy.fd
File: uwasy.fd 2003/10/30 v2.0 Wasy-2 symbol font definitions
)
LaTeX Font Info:    Try loading font information for OT1+mathkerncmss on input 
line 236.

(/usr/share/texlive/texmf-dist/tex/latex/sansmathaccent/ot1mathkerncmss.fd
File: ot1mathkerncmss.fd 2013/03/27 Fontinst v1.933 font definitions for OT1/ma
thkerncmss.
)
LaTeX Font Info:    External font `cmex7' loaded for size
(Font)              <7> on input line 236.
LaTeX Font Info:    External font `cmex7' loaded for size
(Font)              <5> on input line 236.
File: ./files/tlo.pdf Graphic file (type pdf)

<use ./files/tlo.pdf>
Package pdftex.def Info: ./files/tlo.pdf used on input line 236.
(pdftex.def)             Requested size: 364.17706pt x 273.15117pt.

Overfull \hbox (7.33337pt too wide) has occurred while \output is active
 []  
 []

[6

]
File: ./files/tlo.pdf Graphic file (type pdf)
 <use ./files/tlo.pdf>
Package pdftex.def Info: ./files/tlo.pdf used on input line 254.
(pdftex.def)             Requested size: 364.17706pt x 273.15117pt.

Overfull \hbox (7.33337pt too wide) has occurred while \output is active
 []  
 []

[7

] <images/matrix1.png, id=107, 451.6875pt x 214.8025pt>
File: images/matrix1.png Graphic file (type png)

<use images/matrix1.png>
Package pdftex.def Info: images/matrix1.png used on input line 268.
(pdftex.def)             Requested size: 135.5073pt x 64.44124pt.

<images/matrix2.png, id=108, 219.82124pt x 146.5475pt>
File: images/matrix2.png Graphic file (type png)

<use images/matrix2.png>
Package pdftex.def Info: images/matrix2.png used on input line 273.
(pdftex.def)             Requested size: 109.91034pt x 73.27356pt.
File: ./files/tlo.pdf Graphic file (type pdf)
 <use ./files/tlo.pdf>
Package pdftex.def Info: ./files/tlo.pdf used on input line 275.
(pdftex.def)             Requested size: 364.17706pt x 273.15117pt.

Overfull \hbox (7.33337pt too wide) has occurred while \output is active
 []  
 []

[8

 <./images/matrix1.png>]
File: ./files/tlo.pdf Graphic file (type pdf)
 <use ./files/tlo.pdf>
Package pdftex.def Info: ./files/tlo.pdf used on input line 275.
(pdftex.def)             Requested size: 364.17706pt x 273.15117pt.

Overfull \hbox (7.33337pt too wide) has occurred while \output is active
 []  
 []

[9


 <./images/matrix2.png>]
<images/smallBigLR.png, id=122, 687.56876pt x 344.28625pt>
File: images/smallBigLR.png Graphic file (type png)

<use images/smallBigLR.png>
Package pdftex.def Info: images/smallBigLR.png used on input line 308.
(pdftex.def)             Requested size: 309.40308pt x 154.92737pt.

Overfull \hbox (2.1132pt too wide) in paragraph at lines 308--309
 [] 
 []

File: ./files/tlo.pdf Graphic file (type pdf)
<use ./files/tlo.pdf>
Package pdftex.def Info: ./files/tlo.pdf used on input line 311.
(pdftex.def)             Requested size: 364.17706pt x 273.15117pt.

Overfull \hbox (7.33337pt too wide) has occurred while \output is active
 []  
 []

[10

]
File: ./files/tlo.pdf Graphic file (type pdf)
 <use ./files/tlo.pdf>
Package pdftex.def Info: ./files/tlo.pdf used on input line 311.
(pdftex.def)             Requested size: 364.17706pt x 273.15117pt.

Overfull \hbox (7.33337pt too wide) has occurred while \output is active
 []  
 []

[11


]
File: ./files/tlo.pdf Graphic file (type pdf)
 <use ./files/tlo.pdf>
Package pdftex.def Info: ./files/tlo.pdf used on input line 311.
(pdftex.def)             Requested size: 364.17706pt x 273.15117pt.

Overfull \hbox (7.33337pt too wide) has occurred while \output is active
 []  
 []

[12


 <./images/smallBigLR.png>]
File: ./files/tlo.pdf Graphic file (type pdf)
 <use ./files/tlo.pdf>
Package pdftex.def Info: ./files/tlo.pdf used on input line 323.
(pdftex.def)             Requested size: 364.17706pt x 273.15117pt.

Overfull \hbox (7.33337pt too wide) has occurred while \output is active
 []  
 []

[13

] <images/ridge.png, id=145, 781.92125pt x 389.455pt>
File: images/ridge.png Graphic file (type png)

<use images/ridge.png>
Package pdftex.def Info: images/ridge.png used on input line 337.
(pdftex.def)             Requested size: 234.57819pt x 116.83739pt.
File: ./files/tlo.pdf Graphic file (type pdf)
 <use ./files/tlo.pdf>
Package pdftex.def Info: ./files/tlo.pdf used on input line 341.
(pdftex.def)             Requested size: 364.17706pt x 273.15117pt.

Overfull \hbox (7.33337pt too wide) has occurred while \output is active
 []  
 []

[14

]
File: ./files/tlo.pdf Graphic file (type pdf)
 <use ./files/tlo.pdf>
Package pdftex.def Info: ./files/tlo.pdf used on input line 341.
(pdftex.def)             Requested size: 364.17706pt x 273.15117pt.

Overfull \hbox (7.33337pt too wide) has occurred while \output is active
 []  
 []

[15


 <./images/ridge.png>] <images/cvRidge.png, id=156, 678.535pt x 401.5pt>
File: images/cvRidge.png Graphic file (type png)

<use images/cvRidge.png>
Package pdftex.def Info: images/cvRidge.png used on input line 346.
(pdftex.def)             Requested size: 203.56207pt x 120.45091pt.
File: ./files/tlo.pdf Graphic file (type pdf)
 <use ./files/tlo.pdf>
Package pdftex.def Info: ./files/tlo.pdf used on input line 349.
(pdftex.def)             Requested size: 364.17706pt x 273.15117pt.

Overfull \hbox (7.33337pt too wide) has occurred while \output is active
 []  
 []

[16

 <./images/cvRidge.png>]
<images/lasso1.png, id=162, 696.6025pt x 407.5225pt>
File: images/lasso1.png Graphic file (type png)
 <use images/lasso1.png>
Package pdftex.def Info: images/lasso1.png used on input line 363.
(pdftex.def)             Requested size: 208.98236pt x 122.25769pt.

<images/lassoCV.png, id=163, 668.4975pt x 403.5075pt>
File: images/lassoCV.png Graphic file (type png)
 <use images/lassoCV.png>
Package pdftex.def Info: images/lassoCV.png used on input line 368.
(pdftex.def)             Requested size: 200.5508pt x 121.05318pt.
File: ./files/tlo.pdf Graphic file (type pdf)

<use ./files/tlo.pdf>
Package pdftex.def Info: ./files/tlo.pdf used on input line 371.
(pdftex.def)             Requested size: 364.17706pt x 273.15117pt.

Overfull \hbox (7.33337pt too wide) has occurred while \output is active
 []  
 []

[17

]
File: ./files/tlo.pdf Graphic file (type pdf)
 <use ./files/tlo.pdf>
Package pdftex.def Info: ./files/tlo.pdf used on input line 371.
(pdftex.def)             Requested size: 364.17706pt x 273.15117pt.

Overfull \hbox (7.33337pt too wide) has occurred while \output is active
 []  
 []

[18


 <./images/lasso1.png>]
File: ./files/tlo.pdf Graphic file (type pdf)
 <use ./files/tlo.pdf>
Package pdftex.def Info: ./files/tlo.pdf used on input line 371.
(pdftex.def)             Requested size: 364.17706pt x 273.15117pt.

Overfull \hbox (7.33337pt too wide) has occurred while \output is active
 []  
 []

[19


 <./images/lassoCV.png>]
File: ./files/tlo.pdf Graphic file (type pdf)
 <use ./files/tlo.pdf>
Package pdftex.def Info: ./files/tlo.pdf used on input line 386.
(pdftex.def)             Requested size: 364.17706pt x 273.15117pt.

Overfull \hbox (7.33337pt too wide) has occurred while \output is active
 []  
 []

[20

]
File: ./files/tlo.pdf Graphic file (type pdf)
 <use ./files/tlo.pdf>
Package pdftex.def Info: ./files/tlo.pdf used on input line 398.
(pdftex.def)             Requested size: 364.17706pt x 273.15117pt.

Overfull \hbox (7.33337pt too wide) has occurred while \output is active
 []  
 []

[21

] <images/lukasz1.png, id=191, 681.54625pt x 486.81876pt>
File: images/lukasz1.png Graphic file (type png)

<use images/lukasz1.png>
Package pdftex.def Info: images/lukasz1.png used on input line 415.
(pdftex.def)             Requested size: 204.46545pt x 146.04675pt.
File: ./files/tlo.pdf Graphic file (type pdf)
 <use ./files/tlo.pdf>
Package pdftex.def Info: ./files/tlo.pdf used on input line 415.
(pdftex.def)             Requested size: 364.17706pt x 273.15117pt.

Overfull \hbox (7.33337pt too wide) has occurred while \output is active
 []  
 []

[22

]
File: ./files/tlo.pdf Graphic file (type pdf)
 <use ./files/tlo.pdf>
Package pdftex.def Info: ./files/tlo.pdf used on input line 415.
(pdftex.def)             Requested size: 364.17706pt x 273.15117pt.

Overfull \hbox (7.33337pt too wide) has occurred while \output is active
 []  
 []

[23


 <./images/lukasz1.png>]
<images/lukasz2.png, id=204, 1049.9225pt x 545.03625pt>
File: images/lukasz2.png Graphic file (type png)

<use images/lukasz2.png>
Package pdftex.def Info: images/lukasz2.png used on input line 429.
(pdftex.def)             Requested size: 314.97917pt x 163.51213pt.

Overfull \hbox (7.6893pt too wide) in paragraph at lines 429--429
 [] 
 []

File: ./files/tlo.pdf Graphic file (type pdf)
<use ./files/tlo.pdf>
Package pdftex.def Info: ./files/tlo.pdf used on input line 429.
(pdftex.def)             Requested size: 364.17706pt x 273.15117pt.

Overfull \hbox (7.33337pt too wide) has occurred while \output is active
 []  
 []

[24

]
File: ./files/tlo.pdf Graphic file (type pdf)
 <use ./files/tlo.pdf>
Package pdftex.def Info: ./files/tlo.pdf used on input line 429.
(pdftex.def)             Requested size: 364.17706pt x 273.15117pt.

Overfull \hbox (7.33337pt too wide) has occurred while \output is active
 []  
 []

[25


 <./images/lukasz2.png>]
File: ./files/tlo.pdf Graphic file (type pdf)
 <use ./files/tlo.pdf>
Package pdftex.def Info: ./files/tlo.pdf used on input line 453.
(pdftex.def)             Requested size: 364.17706pt x 273.15117pt.

Overfull \hbox (7.33337pt too wide) has occurred while \output is active
 []  
 []

[26

]
File: ./files/tlo.pdf Graphic file (type pdf)
 <use ./files/tlo.pdf>
Package pdftex.def Info: ./files/tlo.pdf used on input line 466.
(pdftex.def)             Requested size: 364.17706pt x 273.15117pt.

Overfull \hbox (7.33337pt too wide) has occurred while \output is active
 []  
 []

[27

]
File: ./files/tlo.pdf Graphic file (type pdf)
 <use ./files/tlo.pdf>
Package pdftex.def Info: ./files/tlo.pdf used on input line 474.
(pdftex.def)             Requested size: 364.17706pt x 273.15117pt.

Overfull \hbox (7.33337pt too wide) has occurred while \output is active
 []  
 []

[28

]
File: ./files/tlo.pdf Graphic file (type pdf)
 <use ./files/tlo.pdf>
Package pdftex.def Info: ./files/tlo.pdf used on input line 491.
(pdftex.def)             Requested size: 364.17706pt x 273.15117pt.

Overfull \hbox (7.33337pt too wide) has occurred while \output is active
 []  
 []

[29

]
File: ./files/tlo.pdf Graphic file (type pdf)
 <use ./files/tlo.pdf>
Package pdftex.def Info: ./files/tlo.pdf used on input line 502.
(pdftex.def)             Requested size: 364.17706pt x 273.15117pt.

Overfull \hbox (7.33337pt too wide) has occurred while \output is active
 []  
 []

[30

] <images/sample_data.png, id=242, 481.8pt x 330.23375pt>
File: images/sample_data.png Graphic file (type png)

<use images/sample_data.png>
Package pdftex.def Info: images/sample_data.png used on input line 509.
(pdftex.def)             Requested size: 144.5411pt x 99.07088pt.

<images/linear_regression.png, id=243, 502.87875pt x 333.245pt>
File: images/linear_regression.png Graphic file (type png)

<use images/linear_regression.png>
Package pdftex.def Info: images/linear_regression.png used on input line 509.
(pdftex.def)             Requested size: 150.86478pt x 99.97426pt.
File: ./files/tlo.pdf Graphic file (type pdf)
 <use ./files/tlo.pdf>
Package pdftex.def Info: ./files/tlo.pdf used on input line 509.
(pdftex.def)             Requested size: 364.17706pt x 273.15117pt.

Overfull \hbox (7.33337pt too wide) has occurred while \output is active
 []  
 []

[31

 <./images/sample_data.png> <./images/linear_regression.png>]
<images/2_degree.png, id=250, 488.82625pt x 327.2225pt>
File: images/2_degree.png Graphic file (type png)

<use images/2_degree.png>
Package pdftex.def Info: images/2_degree.png used on input line 514.
(pdftex.def)             Requested size: 146.649pt x 98.1675pt.
 <images/3_degree.png, id=251, 489.83pt x 335.2525pt>
File: images/3_degree.png Graphic file (type png)

<use images/3_degree.png>
Package pdftex.def Info: images/3_degree.png used on input line 514.
(pdftex.def)             Requested size: 146.95012pt x 100.57652pt.
File: ./files/tlo.pdf Graphic file (type pdf)
 <use ./files/tlo.pdf>
Package pdftex.def Info: ./files/tlo.pdf used on input line 514.
(pdftex.def)             Requested size: 364.17706pt x 273.15117pt.

Overfull \hbox (7.33337pt too wide) has occurred while \output is active
 []  
 []

[32

 <./images/2_degree.png> <./images/3_degree.png>]
<images/20_degree.png, id=257, 492.84125pt x 325.215pt>
File: images/20_degree.png Graphic file (type png)

<use images/20_degree.png>
Package pdftex.def Info: images/20_degree.png used on input line 521.
(pdftex.def)             Requested size: 147.8535pt x 97.56525pt.
File: ./files/tlo.pdf Graphic file (type pdf)
 <use ./files/tlo.pdf>
Package pdftex.def Info: ./files/tlo.pdf used on input line 521.
(pdftex.def)             Requested size: 364.17706pt x 273.15117pt.

Overfull \hbox (7.33337pt too wide) has occurred while \output is active
 []  
 []

[33

 <./images/20_degree.png>]
File: ./files/tlo.pdf Graphic file (type pdf)
 <use ./files/tlo.pdf>
Package pdftex.def Info: ./files/tlo.pdf used on input line 532.
(pdftex.def)             Requested size: 364.17706pt x 273.15117pt.

Overfull \hbox (7.33337pt too wide) has occurred while \output is active
 []  
 []

[34

]
File: ./files/tlo.pdf Graphic file (type pdf)
 <use ./files/tlo.pdf>
Package pdftex.def Info: ./files/tlo.pdf used on input line 541.
(pdftex.def)             Requested size: 364.17706pt x 273.15117pt.

Overfull \hbox (7.33337pt too wide) has occurred while \output is active
 []  
 []

[35

]
No file seminar_slides.bbl.
\tf@nav=\write7
\openout7 = `seminar_slides.nav'.

\tf@toc=\write8
\openout8 = `seminar_slides.toc'.

\tf@snm=\write9
\openout9 = `seminar_slides.snm'.

Package atveryend Info: Empty hook `BeforeClearDocument' on input line 549.
Package atveryend Info: Empty hook `AfterLastShipout' on input line 549.
(./seminar_slides.aux)
Package atveryend Info: Executing hook `AtVeryEndDocument' on input line 549.
Package atveryend Info: Executing hook `AtEndAfterFileList' on input line 549.
Package rerunfilecheck Info: File `seminar_slides.out' has not changed.
(rerunfilecheck)             Checksum: D41D8CD98F00B204E9800998ECF8427E;0.
Package atveryend Info: Empty hook `AtVeryVeryEnd' on input line 549.
 ) 
Here is how much of TeX's memory you used:
 34194 strings out of 493029
 829603 string characters out of 6136234
 1077145 words of memory out of 5000000
 36833 multiletter control sequences out of 15000+600000
 23640 words of font info for 73 fonts, out of 8000000 for 9000
 1141 hyphenation exceptions out of 8191
 56i,19n,79p,747b,609s stack positions out of 5000i,500n,10000p,200000b,80000s
{/usr/share/texlive/texmf-dist/fonts/enc/dvips/pl/plrm.enc}</usr/share/texliv
e/texmf-dist/fonts/type1/public/amsfonts/cm/cmex10.pfb></usr/share/texlive/texm
f-dist/fonts/type1/public/amsfonts/cm/cmmi10.pfb></usr/share/texlive/texmf-dist
/fonts/type1/public/amsfonts/cm/cmmi8.pfb></usr/share/texlive/texmf-dist/fonts/
type1/public/amsfonts/cm/cmss10.pfb></usr/share/texlive/texmf-dist/fonts/type1/
public/amsfonts/cm/cmss8.pfb></usr/share/texlive/texmf-dist/fonts/type1/public/
amsfonts/cm/cmssi10.pfb></usr/share/texlive/texmf-dist/fonts/type1/public/amsfo
nts/cm/cmssi8.pfb></usr/share/texlive/texmf-dist/fonts/type1/public/amsfonts/cm
/cmsy10.pfb></usr/share/texlive/texmf-dist/fonts/type1/public/pl/plr10.pfb></us
r/share/texlive/texmf-dist/fonts/type1/public/pl/plss10.pfb></usr/share/texlive
/texmf-dist/fonts/type1/public/pl/plss8.pfb></usr/share/texlive/texmf-dist/font
s/type1/public/pl/plssbi10.pfb></usr/share/texlive/texmf-dist/fonts/type1/publi
c/pl/plssbx10.pfb>
Output written on seminar_slides.pdf (35 pages, 599976 bytes).
PDF statistics:
 333 PDF objects out of 1000 (max. 8388607)
 225 compressed objects within 3 object streams
 71 named destinations out of 1000 (max. 500000)
 271 words of extra memory for PDF output out of 10000 (max. 10000000)

